Using pre-set license
Built from '2020.3/staging' branch; Version is '2020.3.14f1 (d0d1bb862f9d) revision 13685179'; Using compiler version '192528614'; Build Type 'Release'
OS: 'Windows 10 Home; OS build 22526.1000; Version 2009; 64bit' Language: 'en' Physical Memory: 16239 MB
BatchMode: 1, IsHumanControllingUs: 0, StartBugReporterOnCrash: 0, Is64bit: 1, IsPro: 0

 COMMAND LINE ARGUMENTS:
C:\Program Files\Unity\Hub\Editor\2020.3.14f1\Editor\Unity.exe
-adb2
-batchMode
-noUpm
-name
AssetImportWorker0
-projectPath
C:/Users/super/Documents/GitHub/CoderSchoolRoomClearer/CoderSchoolRoomClearer
-logFile
Logs/AssetImportWorker0.log
-srvPort
52863
Successfully changed project path to: C:/Users/super/Documents/GitHub/CoderSchoolRoomClearer/CoderSchoolRoomClearer
C:/Users/super/Documents/GitHub/CoderSchoolRoomClearer/CoderSchoolRoomClearer
Using Asset Import Pipeline V2.
Refreshing native plugins compatible for Editor in 64.15 ms, found 3 plugins.
Preloading 0 native plugins for Editor in 0.00 ms.
Initialize engine version: 2020.3.14f1 (d0d1bb862f9d)
[Subsystems] Discovering subsystems at path C:/Program Files/Unity/Hub/Editor/2020.3.14f1/Editor/Data/Resources/UnitySubsystems
[Subsystems] Discovering subsystems at path C:/Users/super/Documents/GitHub/CoderSchoolRoomClearer/CoderSchoolRoomClearer/Assets
GfxDevice: creating device client; threaded=0
Direct3D:
    Version:  Direct3D 11.0 [level 11.1]
    Renderer: NVIDIA GeForce GTX 1050 (ID=0x1c8d)
    Vendor:   
    VRAM:     4021 MB
    Driver:   26.21.14.4270
Initialize mono
Mono path[0] = 'C:/Program Files/Unity/Hub/Editor/2020.3.14f1/Editor/Data/Managed'
Mono path[1] = 'C:/Program Files/Unity/Hub/Editor/2020.3.14f1/Editor/Data/MonoBleedingEdge/lib/mono/unityjit'
Mono config path = 'C:/Program Files/Unity/Hub/Editor/2020.3.14f1/Editor/Data/MonoBleedingEdge/etc'
Using monoOptions --debugger-agent=transport=dt_socket,embedding=1,server=y,suspend=n,address=127.0.0.1:56952
Begin MonoManager ReloadAssembly
Registering precompiled unity dll's ...
Register platform support module: C:/Program Files/Unity/Hub/Editor/2020.3.14f1/Editor/Data/PlaybackEngines/WindowsStandaloneSupport/UnityEditor.WindowsStandalone.Extensions.dll
Registered in 0.003041 seconds.
Native extension for WindowsStandalone target not found
Refreshing native plugins compatible for Editor in 52.52 ms, found 3 plugins.
Preloading 0 native plugins for Editor in 0.00 ms.
Mono: successfully reloaded assembly
- Completed reload, in  1.698 seconds
Domain Reload Profiling:
	ReloadAssembly (1698ms)
		BeginReloadAssembly (90ms)
			ExecutionOrderSort (0ms)
			DisableScriptedObjects (0ms)
			BackupInstance (0ms)
			ReleaseScriptingObjects (0ms)
			CreateAndSetChildDomain (1ms)
		EndReloadAssembly (618ms)
			LoadAssemblies (87ms)
			RebuildTransferFunctionScriptingTraits (0ms)
			SetupTypeCache (220ms)
			ReleaseScriptCaches (0ms)
			RebuildScriptCaches (46ms)
			SetupLoadedEditorAssemblies (236ms)
				LogAssemblyErrors (0ms)
				InitializePlatformSupportModulesInManaged (6ms)
				SetLoadedEditorAssemblies (0ms)
				RefreshPlugins (53ms)
				BeforeProcessingInitializeOnLoad (18ms)
				ProcessInitializeOnLoadAttributes (122ms)
				ProcessInitializeOnLoadMethodAttributes (38ms)
				AfterProcessingInitializeOnLoad (0ms)
				EditorAssembliesLoaded (0ms)
			ExecutionOrderSort2 (0ms)
			AwakeInstancesAfterBackupRestoration (0ms)
Platform modules already initialized, skipping
Registering precompiled user dll's ...
Registered in 0.008513 seconds.
Begin MonoManager ReloadAssembly
Native extension for WindowsStandalone target not found
Refreshing native plugins compatible for Editor in 61.69 ms, found 3 plugins.
Preloading 0 native plugins for Editor in 0.00 ms.
Mono: successfully reloaded assembly
- Completed reload, in  1.886 seconds
Domain Reload Profiling:
	ReloadAssembly (1887ms)
		BeginReloadAssembly (257ms)
			ExecutionOrderSort (0ms)
			DisableScriptedObjects (6ms)
			BackupInstance (0ms)
			ReleaseScriptingObjects (0ms)
			CreateAndSetChildDomain (27ms)
		EndReloadAssembly (1528ms)
			LoadAssemblies (140ms)
			RebuildTransferFunctionScriptingTraits (0ms)
			SetupTypeCache (459ms)
			ReleaseScriptCaches (1ms)
			RebuildScriptCaches (99ms)
			SetupLoadedEditorAssemblies (569ms)
				LogAssemblyErrors (0ms)
				InitializePlatformSupportModulesInManaged (6ms)
				SetLoadedEditorAssemblies (0ms)
				RefreshPlugins (62ms)
				BeforeProcessingInitializeOnLoad (147ms)
				ProcessInitializeOnLoadAttributes (320ms)
				ProcessInitializeOnLoadMethodAttributes (19ms)
				AfterProcessingInitializeOnLoad (15ms)
				EditorAssembliesLoaded (0ms)
			ExecutionOrderSort2 (0ms)
			AwakeInstancesAfterBackupRestoration (12ms)
Platform modules already initialized, skipping
========================================================================
Worker process is ready to serve import requests
Launched and connected shader compiler UnityShaderCompiler.exe after 0.09 seconds
Refreshing native plugins compatible for Editor in 0.80 ms, found 3 plugins.
Preloading 0 native plugins for Editor in 0.00 ms.
Unloading 2084 Unused Serialized files (Serialized files now loaded: 0)
System memory in use before: 93.6 MB.
System memory in use after: 93.6 MB.

Unloading 33 unused Assets to reduce memory usage. Loaded Objects now: 2517.
Total: 3.382900 ms (FindLiveObjects: 0.491700 ms CreateObjectMapping: 0.122200 ms MarkObjects: 2.584900 ms  DeleteObjects: 0.182800 ms)

AssetImportParameters requested are different than current active one (requested -> active):
  custom:framework-win-MediaFoundation: 216162199b28c13a410421893ffa2e32 -> 
  custom:video-decoder-ogg-theora: a1e56fd34408186e4bbccfd4996cb3dc -> 
  custom:container-muxer-webm: aa71ff27fc2769a1b78a27578f13a17b -> 
  custom:container-demuxer-webm: 4f35f7cbe854078d1ac9338744f61a02 -> 
  custom:container-demuxer-ogg: 62fdf1f143b41e24485cea50d1cbac27 -> 
  custom:video-encoder-webm-vp8: eb34c28f22e8b96e1ab97ce403110664 -> 
  custom:video-codec-MediaFoundation-h265: 746d11721c4dcdbdad8f713fa42b33f4 -> 
  custom:video-decoder-webm-vp8: 9c59270c3fd7afecdb556c50c9e8de78 -> 
  custom:audio-decoder-ogg-vorbis: bf7c407c2cedff20999df2af8eb42d56 -> 
  custom:audio-encoder-webm-vorbis: bf7c407c2cedff20999df2af8eb42d56 -> 
========================================================================
Received Import Request.
  path: Assets/v1.1 dungeon crawler 16x16 pixel pack/full tilemap.png
  artifactKey: Guid(6be306f8fa4c2e94a8fbfb6aef968262) Importer(815301076,1909f56bfc062723c751e8b465ee728b)
Start importing Assets/v1.1 dungeon crawler 16x16 pixel pack/full tilemap.png using Guid(6be306f8fa4c2e94a8fbfb6aef968262) Importer(815301076,1909f56bfc062723c751e8b465ee728b)  -> (artifact id: 'b31c5b1c67c8b6b213575716a86bd156') in 0.346376 seconds 
  Import took 0.350650 seconds .

========================================================================
Received Import Request.
  Time since last request: 0.000454 seconds.
  path: Assets/v1.1 dungeon crawler 16x16 pixel pack/full spritesheet.png
  artifactKey: Guid(469b1536cf51bdf4dbc9a22b45c7bf00) Importer(815301076,1909f56bfc062723c751e8b465ee728b)
Start importing Assets/v1.1 dungeon crawler 16x16 pixel pack/full spritesheet.png using Guid(469b1536cf51bdf4dbc9a22b45c7bf00) Importer(815301076,1909f56bfc062723c751e8b465ee728b)  -> (artifact id: 'e56cc147f297bf874822a25a13dd2af7') in 0.044680 seconds 
  Import took 0.049792 seconds .

========================================================================
Received Import Request.
  Time since last request: 0.000481 seconds.
  path: Assets/v1.1 dungeon crawler 16x16 pixel pack
  artifactKey: Guid(db6ee23af2de80f4ba8425ba9fafb4bb) Importer(815301076,1909f56bfc062723c751e8b465ee728b)
Start importing Assets/v1.1 dungeon crawler 16x16 pixel pack using Guid(db6ee23af2de80f4ba8425ba9fafb4bb) Importer(815301076,1909f56bfc062723c751e8b465ee728b)  -> (artifact id: '9f326ffcd086bfe02b3374941cd69c2e') in 0.023692 seconds 
  Import took 0.028063 seconds .

========================================================================
Received Import Request.
  Time since last request: 0.000490 seconds.
  path: Assets/v1.1 dungeon crawler 16x16 pixel pack/full spritesheet.png
  artifactKey: Guid(469b1536cf51bdf4dbc9a22b45c7bf00) Importer(815301076,1909f56bfc062723c751e8b465ee728b)
Start importing Assets/v1.1 dungeon crawler 16x16 pixel pack/full spritesheet.png using Guid(469b1536cf51bdf4dbc9a22b45c7bf00) Importer(815301076,1909f56bfc062723c751e8b465ee728b)  -> (artifact id: 'e56cc147f297bf874822a25a13dd2af7') in 0.054070 seconds 
  Import took 0.061385 seconds .

========================================================================
Received Import Request.
  Time since last request: 23.354798 seconds.
  path: Assets/v1.1 dungeon crawler 16x16 pixel pack/full tilemap.png
  artifactKey: Guid(6be306f8fa4c2e94a8fbfb6aef968262) Importer(815301076,1909f56bfc062723c751e8b465ee728b)
Start importing Assets/v1.1 dungeon crawler 16x16 pixel pack/full tilemap.png using Guid(6be306f8fa4c2e94a8fbfb6aef968262) Importer(815301076,1909f56bfc062723c751e8b465ee728b)  -> (artifact id: 'f739119b73ef808595f35255607bc375') in 0.033236 seconds 
  Import took 0.038514 seconds .

========================================================================
Received Import Request.
  Time since last request: 6.258048 seconds.
  path: Assets/v1.1 dungeon crawler 16x16 pixel pack/full tilemap.png
  artifactKey: Guid(6be306f8fa4c2e94a8fbfb6aef968262) Importer(815301076,1909f56bfc062723c751e8b465ee728b)
Start importing Assets/v1.1 dungeon crawler 16x16 pixel pack/full tilemap.png using Guid(6be306f8fa4c2e94a8fbfb6aef968262) Importer(815301076,1909f56bfc062723c751e8b465ee728b)  -> (artifact id: '3ad227ee2926cece67b9576ebc81e01d') in 0.032573 seconds 
  Import took 0.038870 seconds .

========================================================================
Received Import Request.
  Time since last request: 9.642568 seconds.
  path: Assets/v1.1 dungeon crawler 16x16 pixel pack/full tilemap.png
  artifactKey: Guid(6be306f8fa4c2e94a8fbfb6aef968262) Importer(815301076,1909f56bfc062723c751e8b465ee728b)
Start importing Assets/v1.1 dungeon crawler 16x16 pixel pack/full tilemap.png using Guid(6be306f8fa4c2e94a8fbfb6aef968262) Importer(815301076,1909f56bfc062723c751e8b465ee728b)  -> (artifact id: '570114c872d7910de62932c4ec1b60b4') in 0.278295 seconds 
  Import took 0.285832 seconds .

AssetImportWorkerClient::OnTransportError - code=2 error=End of file
